<?xml version="1.0" encoding="UTF-8"?>
<testng-results ignored="0" total="6" passed="5" failed="1" skipped="0">
  <reporter-output>
  </reporter-output>
  <suite started-at="2021-11-09T12:10:16 EST" name="Suite" finished-at="2021-11-09T12:10:41 EST" duration-ms="24832">
    <groups>
    </groups>
    <test started-at="2021-11-09T12:10:16 EST" name="Verification of log in" finished-at="2021-11-09T12:10:31 EST" duration-ms="14739">
      <class name="E2EFrameWork.HomePage">
        <test-method is-config="true" signature="launchBrowser()[pri:0, instance:E2EFrameWork.HomePage@40bffbca]" started-at="2021-11-09T12:10:16 EST" name="launchBrowser" finished-at="2021-11-09T12:10:18 EST" duration-ms="2388" status="PASS">
          <reporter-output>
          </reporter-output>
        </test-method> <!-- launchBrowser -->
        <test-method signature="homePageOpen(java.lang.String,java.lang.String,java.lang.String)[pri:0, instance:E2EFrameWork.HomePage@40bffbca]" started-at="2021-11-09T12:10:18 EST" name="homePageOpen" data-provider="getData" finished-at="2021-11-09T12:10:25 EST" duration-ms="6379" status="PASS">
          <params>
            <param index="0">
              <value>
                <![CDATA[nonrestrict@test.com]]>
              </value>
            </param>
            <param index="1">
              <value>
                <![CDATA[password1]]>
              </value>
            </param>
            <param index="2">
              <value>
                <![CDATA[Non Restricted User]]>
              </value>
            </param>
          </params>
          <reporter-output>
          </reporter-output>
        </test-method> <!-- homePageOpen -->
        <test-method signature="homePageOpen(java.lang.String,java.lang.String,java.lang.String)[pri:0, instance:E2EFrameWork.HomePage@40bffbca]" started-at="2021-11-09T12:10:25 EST" name="homePageOpen" data-provider="getData" finished-at="2021-11-09T12:10:27 EST" duration-ms="2679" status="PASS">
          <params>
            <param index="0">
              <value>
                <![CDATA[restrict@test.com]]>
              </value>
            </param>
            <param index="1">
              <value>
                <![CDATA[password2]]>
              </value>
            </param>
            <param index="2">
              <value>
                <![CDATA[Restricted User]]>
              </value>
            </param>
          </params>
          <reporter-output>
          </reporter-output>
        </test-method> <!-- homePageOpen -->
        <test-method signature="homePageOpen(java.lang.String,java.lang.String,java.lang.String)[pri:0, instance:E2EFrameWork.HomePage@40bffbca]" started-at="2021-11-09T12:10:27 EST" name="homePageOpen" data-provider="getData" finished-at="2021-11-09T12:10:30 EST" duration-ms="2622" status="PASS">
          <params>
            <param index="0">
              <value>
                <![CDATA[default@test.com]]>
              </value>
            </param>
            <param index="1">
              <value>
                <![CDATA[password3]]>
              </value>
            </param>
            <param index="2">
              <value>
                <![CDATA[Default User]]>
              </value>
            </param>
          </params>
          <reporter-output>
          </reporter-output>
        </test-method> <!-- homePageOpen -->
        <test-method is-config="true" signature="browseClose()[pri:0, instance:E2EFrameWork.HomePage@40bffbca]" started-at="2021-11-09T12:10:30 EST" name="browseClose" finished-at="2021-11-09T12:10:31 EST" duration-ms="632" status="PASS">
          <reporter-output>
          </reporter-output>
        </test-method> <!-- browseClose -->
      </class> <!-- E2EFrameWork.HomePage -->
    </test> <!-- Verification of log in -->
    <test started-at="2021-11-09T12:10:31 EST" name="Verifiction of title of Home Page" finished-at="2021-11-09T12:10:36 EST" duration-ms="4921">
      <class name="E2EFrameWork.HomePageValidationtTitle">
        <test-method is-config="true" signature="launchApplication()[pri:0, instance:E2EFrameWork.HomePageValidationtTitle@5ea502e0]" started-at="2021-11-09T12:10:31 EST" name="launchApplication" finished-at="2021-11-09T12:10:35 EST" duration-ms="4541" status="PASS">
          <reporter-output>
          </reporter-output>
        </test-method> <!-- launchApplication -->
        <test-method signature="validateSubBannerTitle()[pri:0, instance:E2EFrameWork.HomePageValidationtTitle@5ea502e0]" started-at="2021-11-09T12:10:35 EST" name="validateSubBannerTitle" finished-at="2021-11-09T12:10:35 EST" duration-ms="44" status="PASS">
          <reporter-output>
          </reporter-output>
        </test-method> <!-- validateSubBannerTitle -->
        <test-method signature="validateTitle()[pri:0, instance:E2EFrameWork.HomePageValidationtTitle@5ea502e0]" started-at="2021-11-09T12:10:35 EST" name="validateTitle" finished-at="2021-11-09T12:10:35 EST" duration-ms="20" status="FAIL">
          <exception class="java.lang.AssertionError">
            <message>
              <![CDATA[expected [FEATURED COURSES123] but found [FEATURED COURSES]]]>
            </message>
            <full-stacktrace>
              <![CDATA[java.lang.AssertionError: expected [FEATURED COURSES123] but found [FEATURED COURSES]
at org.testng.Assert.fail(Assert.java:99)
at org.testng.Assert.failNotEquals(Assert.java:1037)
at org.testng.Assert.assertEqualsImpl(Assert.java:140)
at org.testng.Assert.assertEquals(Assert.java:122)
at org.testng.Assert.assertEquals(Assert.java:629)
at org.testng.Assert.assertEquals(Assert.java:639)
at E2EFrameWork.HomePageValidationtTitle.validateTitle(HomePageValidationtTitle.java:40)
at java.base/jdk.internal.reflect.NativeMethodAccessorImpl.invoke0(Native Method)
at java.base/jdk.internal.reflect.NativeMethodAccessorImpl.invoke(NativeMethodAccessorImpl.java:62)
at java.base/jdk.internal.reflect.DelegatingMethodAccessorImpl.invoke(DelegatingMethodAccessorImpl.java:43)
at java.base/java.lang.reflect.Method.invoke(Method.java:566)
at org.testng.internal.MethodInvocationHelper.invokeMethod(MethodInvocationHelper.java:133)
at org.testng.internal.TestInvoker.invokeMethod(TestInvoker.java:598)
at org.testng.internal.TestInvoker.invokeTestMethod(TestInvoker.java:173)
at org.testng.internal.MethodRunner.runInSequence(MethodRunner.java:46)
at org.testng.internal.TestInvoker$MethodInvocationAgent.invoke(TestInvoker.java:824)
at org.testng.internal.TestInvoker.invokeTestMethods(TestInvoker.java:146)
at org.testng.internal.TestMethodWorker.invokeTestMethods(TestMethodWorker.java:146)
at org.testng.internal.TestMethodWorker.run(TestMethodWorker.java:128)
at java.base/java.util.ArrayList.forEach(ArrayList.java:1540)
at org.testng.TestRunner.privateRun(TestRunner.java:794)
at org.testng.TestRunner.run(TestRunner.java:596)
at org.testng.SuiteRunner.runTest(SuiteRunner.java:377)
at org.testng.SuiteRunner.runSequentially(SuiteRunner.java:371)
at org.testng.SuiteRunner.privateRun(SuiteRunner.java:332)
at org.testng.SuiteRunner.run(SuiteRunner.java:276)
at org.testng.SuiteRunnerWorker.runSuite(SuiteRunnerWorker.java:53)
at org.testng.SuiteRunnerWorker.run(SuiteRunnerWorker.java:96)
at org.testng.TestNG.runSuitesSequentially(TestNG.java:1212)
at org.testng.TestNG.runSuitesLocally(TestNG.java:1134)
at org.testng.TestNG.runSuites(TestNG.java:1063)
at org.testng.TestNG.run(TestNG.java:1031)
at org.apache.maven.surefire.testng.TestNGExecutor.run(TestNGExecutor.java:284)
at org.apache.maven.surefire.testng.TestNGXmlTestSuite.execute(TestNGXmlTestSuite.java:75)
at org.apache.maven.surefire.testng.TestNGProvider.invoke(TestNGProvider.java:119)
at org.apache.maven.surefire.booter.ForkedBooter.runSuitesInProcess(ForkedBooter.java:428)
at org.apache.maven.surefire.booter.ForkedBooter.execute(ForkedBooter.java:162)
at org.apache.maven.surefire.booter.ForkedBooter.run(ForkedBooter.java:562)
at org.apache.maven.surefire.booter.ForkedBooter.main(ForkedBooter.java:548)
]]>
            </full-stacktrace>
          </exception> <!-- java.lang.AssertionError -->
          <reporter-output>
          </reporter-output>
        </test-method> <!-- validateTitle -->
        <test-method is-config="true" signature="browseClose()[pri:0, instance:E2EFrameWork.HomePageValidationtTitle@5ea502e0]" started-at="2021-11-09T12:10:36 EST" name="browseClose" finished-at="2021-11-09T12:10:36 EST" duration-ms="81" status="PASS">
          <reporter-output>
          </reporter-output>
        </test-method> <!-- browseClose -->
      </class> <!-- E2EFrameWork.HomePageValidationtTitle -->
    </test> <!-- Verifiction of title of Home Page -->
    <test started-at="2021-11-09T12:10:36 EST" name="Verification of navigation bar" finished-at="2021-11-09T12:10:41 EST" duration-ms="4797">
      <class name="E2EFrameWork.HomePageValidateNavigationPage">
        <test-method is-config="true" signature="launchApplication()[pri:0, instance:E2EFrameWork.HomePageValidateNavigationPage@2102a4d5]" started-at="2021-11-09T12:10:36 EST" name="launchApplication" finished-at="2021-11-09T12:10:40 EST" duration-ms="4675" status="PASS">
          <reporter-output>
          </reporter-output>
        </test-method> <!-- launchApplication -->
        <test-method signature="validateNavigationPage()[pri:0, instance:E2EFrameWork.HomePageValidateNavigationPage@2102a4d5]" started-at="2021-11-09T12:10:40 EST" name="validateNavigationPage" finished-at="2021-11-09T12:10:41 EST" duration-ms="48" status="PASS">
          <reporter-output>
          </reporter-output>
        </test-method> <!-- validateNavigationPage -->
        <test-method is-config="true" signature="browseClose()[pri:0, instance:E2EFrameWork.HomePageValidateNavigationPage@2102a4d5]" started-at="2021-11-09T12:10:41 EST" name="browseClose" finished-at="2021-11-09T12:10:41 EST" duration-ms="74" status="PASS">
          <reporter-output>
          </reporter-output>
        </test-method> <!-- browseClose -->
      </class> <!-- E2EFrameWork.HomePageValidateNavigationPage -->
    </test> <!-- Verification of navigation bar -->
  </suite> <!-- Suite -->
</testng-results>
