<!DOCTYPE html PUBLIC "-//W3C//DTD XHTML 1.1//EN" "https://www.w3.org/TR/xhtml11/DTD/xhtml11.dtd">
<html xmlns="https://www.w3.org/1999/xhtml">
<head>
<meta http-equiv="content-type" content="text/html; charset=UTF-8"/>
<title>TestNG Report</title>
<style type="text/css">table {margin-bottom:10px;border-collapse:collapse;empty-cells:show}th,td {border:1px solid #009;padding:.25em .5em}th {vertical-align:bottom}td {vertical-align:top}table a {font-weight:bold}.stripe td {background-color: #E6EBF9}.num {text-align:right}.passedodd td {background-color: #3F3}.passedeven td {background-color: #0A0}.skippedodd td {background-color: #DDD}.skippedeven td {background-color: #CCC}.failedodd td,.attn {background-color: #F33}.failedeven td,.stripe .attn {background-color: #D00}.stacktrace {white-space:pre;font-family:monospace}.totop {font-size:85%;text-align:center;border-bottom:2px solid #000}.invisible {display:none}</style>
</head>
<body>
<table>
<tr><th>Test</th><th># Passed</th><th># Skipped</th><th># Retried</th><th># Failed</th><th>Time (ms)</th><th>Included Groups</th><th>Excluded Groups</th></tr>
<tr><th colspan="8">Suite</th></tr>
<tr><td><a href="#t0">Verification of navigation bar</a></td><td class="num">1</td><td class="num">0</td><td class="num">0</td><td class="num">0</td><td class="num">51,892</td><td></td><td></td></tr>
<tr class="stripe"><td><a href="#t1">Verifiction of title of Home Page</a></td><td class="num">1</td><td class="num">0</td><td class="num">0</td><td class="num attn">1</td><td class="num">53,230</td><td></td><td></td></tr>
<tr><td><a href="#t2">Verification of log in</a></td><td class="num">2</td><td class="num">0</td><td class="num">0</td><td class="num attn">1</td><td class="num">61,944</td><td></td><td></td></tr>
<tr><th>Total</th><th class="num">4</th><th class="num">0</th><th class="num">0</th><th class="num attn">2</th><th class="num">167,066</th><th colspan="2"></th></tr>
</table>
<table id='summary'><thead><tr><th>Class</th><th>Method</th><th>Start</th><th>Time (ms)</th></tr></thead><tbody><tr><th colspan="4">Suite</th></tr></tbody><tbody id="t0"><tr><th colspan="4">Verification of navigation bar &#8212; passed</th></tr><tr class="passedeven"><td rowspan="1">E2EFrameWork.HomePageValidateNavigationPage</td><td><a href="#m0">validateNavigationPage</a></td><td rowspan="1">1639110902890</td><td rowspan="1">536</td></tr></tbody>
<tbody id="t1"><tr><th colspan="4">Verifiction of title of Home Page &#8212; failed</th></tr><tr class="failedeven"><td rowspan="1">E2EFrameWork.HomePageValidationtTitle</td><td><a href="#m1">validateTitle</a></td><td rowspan="1">1639110896327</td><td rowspan="1">24</td></tr><tr><th colspan="4">Verifiction of title of Home Page &#8212; passed</th></tr><tr class="passedeven"><td rowspan="1">E2EFrameWork.HomePageValidationtTitle</td><td><a href="#m2">validateSubBannerTitle</a></td><td rowspan="1">1639110891112</td><td rowspan="1">5204</td></tr></tbody>
<tbody id="t2"><tr><th colspan="4">Verification of log in &#8212; failed</th></tr><tr class="failedeven"><td rowspan="1">E2EFrameWork.HomePage</td><td><a href="#m3">homePageOpen</a></td><td rowspan="1">1639110875234</td><td rowspan="1">23514</td></tr><tr><th colspan="4">Verification of log in &#8212; passed</th></tr><tr class="passedeven"><td rowspan="2">E2EFrameWork.HomePage</td><td><a href="#m4">homePageOpen</a></td><td rowspan="2">1639110911632</td><td rowspan="2">5313</td></tr><tr class="passedeven"><td><a href="#m5">homePageOpen</a></td></tr></tbody>
</table>
<h2>Verification of navigation bar</h2><h3 id="m0">E2EFrameWork.HomePageValidateNavigationPage#validateNavigationPage</h3><table class="result"><tr><th class="invisible"/></tr></table><p class="totop"><a href="#summary">back to summary</a></p>
<h2>Verifiction of title of Home Page</h2><h3 id="m1">E2EFrameWork.HomePageValidationtTitle#validateTitle</h3><table class="result"><tr><th>Exception</th></tr><tr><td><div class="stacktrace">java.lang.AssertionError: expected [FEATURED COURSES123] but found [FEATURED COURSES]
	at E2EFrameWork.HomePageValidationtTitle.validateTitle(HomePageValidationtTitle.java:40)
	at java.base/java.util.ArrayList.forEach(ArrayList.java:1511)
	at java.base/java.util.concurrent.FutureTask.run(FutureTask.java:264)
	at java.base/java.util.concurrent.ThreadPoolExecutor.runWorker(ThreadPoolExecutor.java:1130)
	at java.base/java.util.concurrent.ThreadPoolExecutor$Worker.run(ThreadPoolExecutor.java:630)
	at java.base/java.lang.Thread.run(Thread.java:831)
... Removed 24 stack frames</div></td></tr></table><p class="totop"><a href="#summary">back to summary</a></p>
<h3 id="m2">E2EFrameWork.HomePageValidationtTitle#validateSubBannerTitle</h3><table class="result"><tr><th class="invisible"/></tr></table><p class="totop"><a href="#summary">back to summary</a></p>
<h2>Verification of log in</h2><h3 id="m3">E2EFrameWork.HomePage#homePageOpen</h3><table class="result"><tr class="param"><th>Parameter #1</th><th>Parameter #2</th><th>Parameter #3</th></tr><tr class="param stripe"><td>nonrestrict@test.com</td><td>password1</td><td>Non Restricted User</td></tr><tr><th colspan="3">Exception</th></tr><tr><td colspan="3"><div class="stacktrace">org.openqa.selenium.ElementClickInterceptedException: element click intercepted: Element &lt;a href=&quot;https://rahulshettyacademy.com/sign_in/&quot;&gt;...&lt;/a&gt; is not clickable at point (993, 16). Other element would receive the click: &lt;div class=&quot;listbuilder-popup-content&quot;&gt;...&lt;/div&gt;
  (Session info: chrome=96.0.4664.93)
Build info: version: &apos;4.0.0&apos;, revision: &apos;3a21814679&apos;
System info: host: &apos;DESKTOP-CIHR3KA&apos;, ip: &apos;10.0.0.74&apos;, os.name: &apos;Windows 10&apos;, os.arch: &apos;amd64&apos;, os.version: &apos;10.0&apos;, java.version: &apos;16.0.2&apos;
Driver info: org.openqa.selenium.chrome.ChromeDriver
Command: [1b8fcb554fcefa1d2246757cf54ac631, clickElement {id=91df74b9-76f5-4d4f-a9be-ad2fa381be8a}]
Capabilities {acceptInsecureCerts: false, browserName: chrome, browserVersion: 96.0.4664.93, chrome: {chromedriverVersion: 95.0.4638.54 (d31a821ec901f..., userDataDir: C:\Users\Biku\AppData\Local...}, goog:chromeOptions: {debuggerAddress: localhost:52580}, javascriptEnabled: true, networkConnectionEnabled: false, pageLoadStrategy: normal, platform: WINDOWS, platformName: WINDOWS, proxy: Proxy(), se:cdp: ws://localhost:52580/devtoo..., se:cdpVersion: 96.0.4664.93, setWindowRect: true, strictFileInteractability: false, timeouts: {implicit: 0, pageLoad: 300000, script: 30000}, unhandledPromptBehavior: dismiss and notify, webauthn:extension:credBlob: true, webauthn:extension:largeBlob: true, webauthn:virtualAuthenticators: true}
Element: [[ChromeDriver: chrome on WINDOWS (1b8fcb554fcefa1d2246757cf54ac631)] -&gt; css selector: a[href*=&apos;sign_in&apos;]]
Session ID: 1b8fcb554fcefa1d2246757cf54ac631
	at org.openqa.selenium.remote.codec.w3c.W3CHttpResponseCodec.createException(W3CHttpResponseCodec.java:200)
	at org.openqa.selenium.remote.codec.w3c.W3CHttpResponseCodec.decode(W3CHttpResponseCodec.java:133)
	at org.openqa.selenium.remote.codec.w3c.W3CHttpResponseCodec.decode(W3CHttpResponseCodec.java:53)
	at org.openqa.selenium.remote.HttpCommandExecutor.execute(HttpCommandExecutor.java:184)
	at org.openqa.selenium.remote.service.DriverCommandExecutor.invokeExecute(DriverCommandExecutor.java:164)
	at org.openqa.selenium.remote.service.DriverCommandExecutor.execute(DriverCommandExecutor.java:139)
	at org.openqa.selenium.remote.RemoteWebDriver.execute(RemoteWebDriver.java:559)
	at org.openqa.selenium.remote.RemoteWebElement.execute(RemoteWebElement.java:251)
	at org.openqa.selenium.remote.RemoteWebElement.click(RemoteWebElement.java:77)
	at pageObjects.LandingPage.getSignIn(LandingPage.java:32)
	at E2EFrameWork.HomePage.homePageOpen(HomePage.java:37)
	at java.base/java.util.ArrayList.forEach(ArrayList.java:1511)
	at java.base/java.util.concurrent.FutureTask.run(FutureTask.java:264)
	at java.base/java.util.concurrent.ThreadPoolExecutor.runWorker(ThreadPoolExecutor.java:1130)
	at java.base/java.util.concurrent.ThreadPoolExecutor$Worker.run(ThreadPoolExecutor.java:630)
	at java.base/java.lang.Thread.run(Thread.java:831)
... Removed 23 stack frames</div></td></tr></table><p class="totop"><a href="#summary">back to summary</a></p>
<h3 id="m4">E2EFrameWork.HomePage#homePageOpen</h3><table class="result"><tr class="param"><th>Parameter #1</th><th>Parameter #2</th><th>Parameter #3</th></tr><tr class="param stripe"><td>restrict@test.com</td><td>password2</td><td>Restricted User</td></tr></table><p class="totop"><a href="#summary">back to summary</a></p>
<h3 id="m5">E2EFrameWork.HomePage#homePageOpen</h3><table class="result"><tr class="param"><th>Parameter #1</th><th>Parameter #2</th><th>Parameter #3</th></tr><tr class="param stripe"><td>default@test.com</td><td>password3</td><td>Default User</td></tr></table><p class="totop"><a href="#summary">back to summary</a></p>
</body>
</html>
